<?xml version="1.0" encoding="utf-8"?><testsuites name="pytest tests"><testsuite name="pytest" errors="0" failures="0" skipped="0" tests="82" time="4.607" timestamp="2026-09-04T03:58:04.547184-03:00" hostname="AvellAPL"><testcase classname="tests.test_data_pipeline.TickerTests" name="test_normalizes_class_ticker_for_yahoo" time="0.001" /><testcase classname="tests.test_data_pipeline.TickerTests" name="test_rejects_empty_ticker" time="0.001" /><testcase classname="tests.test_data_pipeline.DateTests" name="test_frequency_detection" time="0.002" /><testcase classname="tests.test_data_pipeline.DateTests" name="test_normalizes_to_calendar_month_end" time="0.007" /><testcase classname="tests.test_data_pipeline.FrenchParserTests" name="test_parses_monthly_block_and_decimal_units" time="0.009" /><testcase classname="tests.test_data_pipeline.FundamentalsTests" name="test_sec_extractor_keeps_annual_duration_not_quarter" time="0.010" /><testcase classname="tests.test_data_pipeline.MacroImportTests" name="test_ingests_tradingview_unix_export" time="0.013" /><testcase classname="tests.test_data_pipeline.QualityTests" name="test_fundamental_audit_detects_lookahead_date_error" time="0.005" /><testcase classname="tests.test_data_pipeline.QualityTests" name="test_price_audit_detects_duplicate_and_extreme_return" time="0.006" /><testcase classname="tests.test_data_pipeline.HoldingsTests" name="test_ingest_marks_snapshot_not_point_in_time" time="0.007" /><testcase classname="tests.test_momentum_backtest.MomentumSignalTests" name="test_atr_uses_complete_simple_window" time="0.011" /><testcase classname="tests.test_momentum_backtest.MomentumSignalTests" name="test_future_mutation_does_not_change_past_signals" time="0.030" /><testcase classname="tests.test_momentum_backtest.ExecutionTests" name="test_default_cost_is_fifteen_basis_points_per_side" time="0.001" /><testcase classname="tests.test_momentum_backtest.ExecutionTests" name="test_gap_through_stop_fills_at_open_not_at_magic_stop_price" time="0.024" /><testcase classname="tests.test_momentum_backtest.ExecutionTests" name="test_intraday_low_triggers_carried_stop" time="0.018" /><testcase classname="tests.test_momentum_backtest.ExecutionTests" name="test_momentum_orders_fill_at_next_open_and_account_for_both_costs" time="0.017" /><testcase classname="tests.test_momentum_backtest.TemporalValidationTests" name="test_chronological_split_is_exactly_floor_70_30" time="0.006" /><testcase classname="tests.test_momentum_backtest.TemporalValidationTests" name="test_walk_forward_has_purge_and_embargo_gaps" time="0.006" /><testcase classname="tests.test_momentum_backtest.UniverseAndStatisticsTests" name="test_deflated_sharpe_is_a_probability" time="0.001" /><testcase classname="tests.test_momentum_backtest.UniverseAndStatisticsTests" name="test_local_manifest_includes_adverse_and_historical_members" time="0.001" /><testcase classname="tests.test_momentum_backtest.UniverseAndStatisticsTests" name="test_stress_matrix_consumes_generator_for_every_asset" time="0.077" /><testcase classname="tests.test_momentum_backtest.GridCheckpointTests" name="test_checkpoint_is_parquet_atomic_and_resumable" time="0.111" /><testcase classname="tests.test_momentum_backtest.GridCheckpointTests" name="test_process_pool_produces_complete_deterministic_grid" time="0.740" /><testcase classname="tests.test_quant_fund.CrossSectionTests" name="test_zscore_winsorizes_and_standardizes" time="0.004" /><testcase classname="tests.test_quant_fund.AdapterTests" name="test_long_prices_adapter" time="0.006" /><testcase classname="tests.test_quant_fund.AdapterTests" name="test_sec_adapter_keeps_first_filing_and_annual_facts" time="0.015" /><testcase classname="tests.test_quant_fund.Sleeve1Tests" name="test_reporting_lag_and_next_month_execution" time="0.072" /><testcase classname="tests.test_quant_fund.Sleeve1Tests" name="test_weights_drift_with_prices_until_next_annual_rebalance" time="0.006" /><testcase classname="tests.test_quant_fund.Sleeve2Tests" name="test_credit_only_optional_arguments_preserve_legacy_result" time="0.176" /><testcase classname="tests.test_quant_fund.Sleeve2Tests" name="test_hysteresis_has_memory" time="0.001" /><testcase classname="tests.test_quant_fund.Sleeve2Tests" name="test_momentum_is_executed_next_month_and_stress_uses_bil" time="0.095" /><testcase classname="tests.test_quant_fund.Sleeve3AndFundTests" name="test_bil_adjusted_return" time="0.002" /><testcase classname="tests.test_quant_fund.Sleeve3AndFundTests" name="test_fund_migration_preserves_full_investment" time="0.006" /><testcase classname="tests.test_quant_fund.PipelineTests" name="test_dual_axis_overlay_is_lagged_and_graded_end_to_end" time="0.780" /><testcase classname="tests.test_quant_fund.PipelineTests" name="test_end_to_end_produces_fully_invested_monthly_portfolios" time="0.762" /><testcase classname="tests.test_risk_overlay.ConfigTests" name="test_rejects_derisk_outside_unit_interval" time="0.001" /><testcase classname="tests.test_risk_overlay.ConfigTests" name="test_rejects_exit_above_entry" time="0.001" /><testcase classname="tests.test_risk_overlay.ConfigTests" name="test_rejects_min_periods_larger_than_window" time="0.001" /><testcase classname="tests.test_risk_overlay.ZScoreTests" name="test_constant_series_yields_nan_not_infinity" time="0.001" /><testcase classname="tests.test_risk_overlay.ZScoreTests" name="test_uses_only_past_observations" time="0.002" /><testcase classname="tests.test_risk_overlay.HysteresisTests" name="test_enters_above_entry_and_holds_until_exit" time="0.001" /><testcase classname="tests.test_risk_overlay.HysteresisTests" name="test_nan_preserves_previous_state" time="0.001" /><testcase classname="tests.test_risk_overlay.HysteresisTests" name="test_rejects_invalid_thresholds" time="0.001" /><testcase classname="tests.test_risk_overlay.OverlayTests" name="test_derisk_levels_are_discrete_and_bounded" time="0.007" /><testcase classname="tests.test_risk_overlay.OverlayTests" name="test_requires_at_least_one_axis" time="0.001" /><testcase classname="tests.test_risk_overlay.OverlayTests" name="test_signal_is_lagged_by_exactly_one_month" time="0.007" /><testcase classname="tests.test_risk_overlay.OverlayTests" name="test_single_axis_reproduces_binary_behaviour" time="0.005" /><testcase classname="tests.test_risk_overlay.AllocationTests" name="test_factor_sleeve_never_reacts_to_the_trigger" time="0.002" /><testcase classname="tests.test_risk_overlay.AllocationTests" name="test_full_derisk_empties_the_tactical_sleeve" time="0.002" /><testcase classname="tests.test_risk_overlay.AllocationTests" name="test_migration_is_exactly_proportional" time="0.002" /><testcase classname="tests.test_risk_overlay.AllocationTests" name="test_rejects_weights_that_do_not_sum_to_one" time="0.001" /><testcase classname="tests.test_risk_overlay.AllocationTests" name="test_weights_sum_to_one_and_stay_non_negative" time="0.002" /><testcase classname="tests.test_risk_overlay.InsuranceLedgerTests" name="test_full_hedge_in_a_crash_lifts_the_tail" time="0.004" /><testcase classname="tests.test_risk_overlay.InsuranceLedgerTests" name="test_premium_is_zero_when_overlay_never_fires" time="0.003" /><testcase classname="tests.test_server_oms" name="test_valid_webhook_creates_only_a_paper_order" time="0.037" /><testcase classname="tests.test_server_oms" name="test_invalid_or_missing_signature_returns_401[bad]" time="0.032" /><testcase classname="tests.test_server_oms" name="test_invalid_or_missing_signature_returns_401[sha256=0000000000000000000000000000000000000000000000000000000000000000]" time="0.029" /><testcase classname="tests.test_server_oms" name="test_invalid_or_missing_signature_returns_401[None]" time="0.029" /><testcase classname="tests.test_server_oms" name="test_same_idempotency_key_or_nonce_is_rejected_as_replay[updates0]" time="0.037" /><testcase classname="tests.test_server_oms" name="test_same_idempotency_key_or_nonce_is_rejected_as_replay[updates1]" time="0.038" /><testcase classname="tests.test_server_oms" name="test_timestamp_outside_replay_window_returns_409[1799999699000]" time="0.030" /><testcase classname="tests.test_server_oms" name="test_timestamp_outside_replay_window_returns_409[1800000031000]" time="0.028" /><testcase classname="tests.test_server_oms" name="test_timezone_aware_iso_timestamp_is_accepted" time="0.031" /><testcase classname="tests.test_server_oms" name="test_symbol_allowlist_is_enforced" time="0.030" /><testcase classname="tests.test_server_oms" name="test_quantity_and_notional_limits_are_enforced[updates0]" time="0.030" /><testcase classname="tests.test_server_oms" name="test_quantity_and_notional_limits_are_enforced[updates1]" time="0.031" /><testcase classname="tests.test_server_oms" name="test_kill_switch_blocks_orders_and_readiness" time="0.035" /><testcase classname="tests.test_server_oms" name="test_business_tables_are_append_only" time="0.029" /><testcase classname="tests.test_server_oms" name="test_secret_is_required_and_has_no_default" time="0.003" /><testcase classname="tests.test_validation.ProbabilisticSharpeTests" name="test_matches_bailey_lopez_de_prado_formula_for_annual_sharpe" time="0.001" /><testcase classname="tests.test_validation.ProbabilisticSharpeTests" name="test_probability_is_half_at_the_benchmark" time="0.001" /><testcase classname="tests.test_validation.ProbabilisticSharpeTests" name="test_rejects_excess_kurtosis_in_place_of_raw_kurtosis" time="0.001" /><testcase classname="tests.test_validation.DeflatedSharpeTests" name="test_expected_maximum_uses_extreme_value_approximation" time="0.001" /><testcase classname="tests.test_validation.DeflatedSharpeTests" name="test_multiple_testing_lowers_probability" time="0.000" /><testcase classname="tests.test_validation.DeflatedSharpeTests" name="test_one_trial_reduces_to_psr_against_the_mean" time="0.000" /><testcase classname="tests.test_validation.MovingBlockBootstrapTests" name="test_full_length_block_has_degenerate_interval" time="0.003" /><testcase classname="tests.test_validation.MovingBlockBootstrapTests" name="test_rejects_missing_values_and_invalid_blocks" time="0.001" /><testcase classname="tests.test_validation.MovingBlockBootstrapTests" name="test_seed_makes_result_reproducible" time="0.008" /><testcase classname="tests.test_validation.CircularShiftPlaceboTests" name="test_cost_is_charged_on_each_change_in_level" time="0.003" /><testcase classname="tests.test_validation.CircularShiftPlaceboTests" name="test_crash_timing_ranks_true_signal_above_every_shift" time="0.004" /><testcase classname="tests.test_validation.CircularShiftPlaceboTests" name="test_no_signal_gets_midrank_for_all_defined_metrics" time="0.004" /><testcase classname="tests.test_validation.CircularShiftPlaceboTests" name="test_rejects_misaligned_series_and_invalid_levels" time="0.001" /></testsuite></testsuites>